<?xml version="1.0" encoding="UTF-8"?>
<!-- Generated by org.testng.reporters.JUnitReportReporter -->
<testsuite hostname="DESKTOP-SGBD4PS" failures="0" tests="1" name="test.ReadExcelSampleData" time="1.065" errors="0" timestamp="2024-06-19T12:55:54 IST" skipped="0">
  <testcase classname="test.ReadExcelSampleData" name="readExcelata" time="1.065"/>
</testsuite> <!-- test.ReadExcelSampleData -->
