<?xml version="1.0" encoding="UTF-8"?>
<!-- Generated by org.testng.reporters.JUnitReportReporter -->
<testsuite hostname="DESKTOP-SGBD4PS" failures="0" tests="2" name="testng.NewTest" time="0.019" errors="0" timestamp="2024-06-10T11:13:02 IST" skipped="0">
  <testcase classname="testng.NewTest" name="test2" time="0.010"/>
  <system-out/>
  <testcase classname="testng.NewTest" name="test1" time="0.009"/>
  <system-out/>
</testsuite> <!-- testng.NewTest -->
