<?xml version="1.0" encoding="UTF-8"?>
<!-- Generated by org.testng.reporters.JUnitReportReporter -->
<testsuite hostname="DESKTOP-SGBD4PS" failures="0" tests="1" name="testng.SecondClass" time="0.013" errors="0" timestamp="2024-06-10T11:15:28 IST" skipped="0">
  <testcase classname="testng.SecondClass" name="test3" time="0.013"/>
  <system-out/>
</testsuite> <!-- testng.SecondClass -->
