<?xml version="1.0" encoding="UTF-8"?>
<!-- Generated by org.testng.reporters.JUnitReportReporter -->
<testsuite hostname="DESKTOP-SGBD4PS" failures="0" tests="1" name="practice_sel.First_Test" time="0.800" errors="0" timestamp="2024-06-19T14:33:46 IST" skipped="0">
  <testcase classname="practice_sel.First_Test" name="verifySignup" time="0.800"/>
  <system-out/>
</testsuite> <!-- practice_sel.First_Test -->
