<?xml version="1.0" encoding="UTF-8"?>
<!-- Generated by org.testng.reporters.JUnitReportReporter -->
<testsuite hostname="DESKTOP-SGBD4PS" failures="0" tests="2" name="testng.Example_HandlingMouseActions" time="3.205" errors="0" timestamp="2024-06-14T11:12:09 IST" skipped="0">
  <testcase classname="testng.Example_HandlingMouseActions" name="verifyDraggable" time="1.680"/>
  <system-out/>
  <testcase classname="testng.Example_HandlingMouseActions" name="verifyDroppable" time="1.525"/>
  <system-out/>
</testsuite> <!-- testng.Example_HandlingMouseActions -->
